21:59:24.511 [TestNG-tests-2] INFO  testcases.TC001_AccountRegistrationTest - Finished TC_001AccountRegistrationTest
23:27:10.381 [TestNG-tests-1] INFO  testcases.TC001_AccountRegistrationTest - ************Starting TC_001AccountRegistrationTest
23:27:10.557 [TestNG-tests-1] INFO  testcases.TC001_AccountRegistrationTest - Clicked on MyAccount Link
23:27:11.568 [TestNG-tests-1] INFO  testcases.TC001_AccountRegistrationTest - Clicked on Registration Link
23:27:11.574 [TestNG-tests-1] INFO  testcases.TC001_AccountRegistrationTest - Providing Customer Details.....
23:27:12.304 [TestNG-tests-2] INFO  testcases.TC001_AccountRegistrationTest - ************Starting TC_001AccountRegistrationTest
23:27:12.537 [TestNG-tests-2] INFO  testcases.TC001_AccountRegistrationTest - Clicked on MyAccount Link
23:27:12.607 [TestNG-tests-1] INFO  testcases.TC001_AccountRegistrationTest - Validating expected message...
23:27:13.217 [TestNG-tests-2] INFO  testcases.TC001_AccountRegistrationTest - Clicked on Registration Link
23:27:13.218 [TestNG-tests-2] INFO  testcases.TC001_AccountRegistrationTest - Providing Customer Details.....
23:27:13.563 [TestNG-tests-1] INFO  testcases.TC001_AccountRegistrationTest - Finished TC_001AccountRegistrationTest
23:27:13.844 [TestNG-tests-2] INFO  testcases.TC001_AccountRegistrationTest - Validating expected message...
23:27:14.441 [TestNG-tests-2] INFO  testcases.TC001_AccountRegistrationTest - Finished TC_001AccountRegistrationTest
23:35:02.217 [main] INFO  testcases.TC001_AccountRegistrationTest - ************Starting TC_001AccountRegistrationTest
23:35:02.367 [main] INFO  testcases.TC001_AccountRegistrationTest - Clicked on MyAccount Link
23:35:02.807 [main] INFO  testcases.TC001_AccountRegistrationTest - Clicked on Registration Link
23:35:02.809 [main] INFO  testcases.TC001_AccountRegistrationTest - Providing Customer Details.....
23:35:03.401 [main] INFO  testcases.TC001_AccountRegistrationTest - Validating expected message...
23:35:04.123 [main] INFO  testcases.TC001_AccountRegistrationTest - Finished TC_001AccountRegistrationTest
23:44:12.404 [TestNG-tests-1] INFO  testcases.TC001_AccountRegistrationTest - ************Starting TC_001AccountRegistrationTest
23:44:13.910 [TestNG-tests-1] INFO  testcases.TC001_AccountRegistrationTest - Clicked on MyAccount Link
23:44:14.437 [TestNG-tests-1] INFO  testcases.TC001_AccountRegistrationTest - Clicked on Registration Link
23:44:14.440 [TestNG-tests-1] INFO  testcases.TC001_AccountRegistrationTest - Providing Customer Details.....
23:44:15.045 [TestNG-tests-1] INFO  testcases.TC001_AccountRegistrationTest - Validating expected message...
23:44:15.776 [TestNG-tests-1] INFO  testcases.TC001_AccountRegistrationTest - Finished TC_001AccountRegistrationTest
23:44:27.028 [TestNG-tests-2] INFO  testcases.TC001_AccountRegistrationTest - ************Starting TC_001AccountRegistrationTest
23:44:27.225 [TestNG-tests-2] INFO  testcases.TC001_AccountRegistrationTest - Clicked on MyAccount Link
23:44:27.897 [TestNG-tests-2] INFO  testcases.TC001_AccountRegistrationTest - Clicked on Registration Link
23:44:27.897 [TestNG-tests-2] INFO  testcases.TC001_AccountRegistrationTest - Providing Customer Details.....
23:44:28.920 [TestNG-tests-2] INFO  testcases.TC001_AccountRegistrationTest - Validating expected message...
23:44:29.602 [TestNG-tests-2] INFO  testcases.TC001_AccountRegistrationTest - Finished TC_001AccountRegistrationTest
23:51:02.397 [TestNG-tests-1] INFO  testcases.TC001_AccountRegistrationTest - ************Starting TC_001AccountRegistrationTest
23:51:02.541 [TestNG-tests-1] INFO  testcases.TC001_AccountRegistrationTest - Clicked on MyAccount Link
23:51:02.773 [TestNG-tests-2] INFO  testcases.TC001_AccountRegistrationTest - ************Starting TC_001AccountRegistrationTest
23:51:02.904 [TestNG-tests-2] INFO  testcases.TC001_AccountRegistrationTest - Clicked on MyAccount Link
23:51:03.003 [TestNG-tests-1] INFO  testcases.TC001_AccountRegistrationTest - Clicked on Registration Link
23:51:03.008 [TestNG-tests-1] INFO  testcases.TC001_AccountRegistrationTest - Providing Customer Details.....
23:51:03.410 [TestNG-tests-2] INFO  testcases.TC001_AccountRegistrationTest - Clicked on Registration Link
23:51:03.411 [TestNG-tests-2] INFO  testcases.TC001_AccountRegistrationTest - Providing Customer Details.....
23:51:03.847 [TestNG-tests-1] INFO  testcases.TC001_AccountRegistrationTest - Validating expected message...
23:51:04.085 [TestNG-tests-2] INFO  testcases.TC001_AccountRegistrationTest - Validating expected message...
23:51:04.704 [TestNG-tests-1] INFO  testcases.TC001_AccountRegistrationTest - Finished TC_001AccountRegistrationTest
23:51:04.799 [TestNG-tests-2] INFO  testcases.TC001_AccountRegistrationTest - Finished TC_001AccountRegistrationTest
23:52:30.756 [TestNG-tests-1] INFO  testcases.TC001_AccountRegistrationTest - ************Starting TC_001AccountRegistrationTest
23:52:31.024 [TestNG-tests-1] INFO  testcases.TC001_AccountRegistrationTest - Clicked on MyAccount Link
