21:37:39.974 [main] DEBUG org.testng.TestNG - suiteXmlPath: "C:\Users\ankit\eclipse-workspace\OpenCartFramework\master.xml"
21:37:57.797 [main] INFO  testcases.TC_001_AccountRegistrationTest - ************Starting TC_001AccountRegistrationTest
21:37:58.089 [main] INFO  testcases.TC_001_AccountRegistrationTest - Clicked on MyAccount Link
21:37:58.532 [main] INFO  testcases.TC_001_AccountRegistrationTest - Clicked on Registration Link
21:37:58.542 [main] INFO  testcases.TC_001_AccountRegistrationTest - Providing Customer Details.....
21:37:59.564 [main] INFO  testcases.TC_001_AccountRegistrationTest - Validating expected message...
21:38:01.278 [main] INFO  testcases.TC_001_AccountRegistrationTest - Finished TC_001AccountRegistrationTest
21:38:06.130 [main] INFO  testcases.TC_002_LoginTest - **** Starting TC_002_LoginTest  ****
21:38:06.130 [main] DEBUG testcases.TC_002_LoginTest - capturing application debug logs....
21:38:06.239 [main] INFO  testcases.TC_002_LoginTest - clicked on myaccount link on the home page..
21:38:06.581 [main] INFO  testcases.TC_002_LoginTest - clicked on login link under myaccount..
21:38:06.582 [main] INFO  testcases.TC_002_LoginTest - Entering valid email and password..
21:38:06.835 [main] INFO  testcases.TC_002_LoginTest - clicked on ligin button..
21:39:01.912 [main] INFO  testcases.TC_002_LoginTest - **** Finished TC_002_LoginTest  ****
21:46:20.835 [main] DEBUG org.testng.TestNG - suiteXmlPath: "C:\Users\ankit\eclipse-workspace\OpenCartFramework\master.xml"
21:46:27.556 [main] INFO  testcases.TC_001_AccountRegistrationTest - ************Starting TC_001AccountRegistrationTest
21:46:27.670 [main] INFO  testcases.TC_001_AccountRegistrationTest - Clicked on MyAccount Link
21:46:28.143 [main] INFO  testcases.TC_001_AccountRegistrationTest - Clicked on Registration Link
21:46:28.154 [main] INFO  testcases.TC_001_AccountRegistrationTest - Providing Customer Details.....
21:46:29.042 [main] INFO  testcases.TC_001_AccountRegistrationTest - Validating expected message...
21:46:30.572 [main] INFO  testcases.TC_001_AccountRegistrationTest - Finished TC_001AccountRegistrationTest
21:46:38.515 [main] INFO  testcases.TC_002_LoginTest - **** Starting TC_002_LoginTest  ****
21:46:38.515 [main] DEBUG testcases.TC_002_LoginTest - capturing application debug logs....
21:46:38.656 [main] INFO  testcases.TC_002_LoginTest - clicked on myaccount link on the home page..
21:46:39.202 [main] INFO  testcases.TC_002_LoginTest - clicked on login link under myaccount..
21:46:39.204 [main] INFO  testcases.TC_002_LoginTest - Entering valid email and password..
21:46:39.694 [main] INFO  testcases.TC_002_LoginTest - clicked on ligin button..
21:47:34.792 [main] INFO  testcases.TC_002_LoginTest - **** Finished TC_002_LoginTest  ****
17:00:42.956 [main] DEBUG org.testng.TestNG - suiteXmlPath: "C:\Users\ankit\eclipse-workspace\OpenCartFramework\master.xml"
17:00:43.197 [main] INFO  org.testng.internal.Utils - [TestNG] Running:
  C:\Users\ankit\eclipse-workspace\OpenCartFramework\master.xml

17:00:49.670 [main] INFO  testcases.TC_001_AccountRegistrationTest - ************Starting TC_001AccountRegistrationTest
17:00:49.717 [main] ERROR testcases.TC_001_AccountRegistrationTest - Test Failed
17:00:49.718 [main] DEBUG testcases.TC_001_AccountRegistrationTest - Debug logs..
17:00:51.876 [main] INFO  testcases.TC_002_LoginTest - **** Starting TC_002_LoginTest  ****
17:00:51.876 [main] DEBUG testcases.TC_002_LoginTest - capturing application debug logs....
17:00:51.884 [main] INFO  testcases.TC_002_LoginTest - **** Finished TC_002_LoginTest  ****
17:00:59.651 [main] DEBUG org.testng.TestNG - suiteXmlPath: "C:\Users\ankit\eclipse-workspace\OpenCartFramework\master.xml"
17:00:59.852 [main] INFO  org.testng.internal.Utils - [TestNG] Running:
  C:\Users\ankit\eclipse-workspace\OpenCartFramework\master.xml

17:01:03.389 [main] INFO  testcases.TC_001_AccountRegistrationTest - ************Starting TC_001AccountRegistrationTest
17:01:03.494 [main] INFO  testcases.TC_001_AccountRegistrationTest - Clicked on MyAccount Link
17:01:03.863 [main] INFO  testcases.TC_001_AccountRegistrationTest - Clicked on Registration Link
17:01:03.866 [main] INFO  testcases.TC_001_AccountRegistrationTest - Providing Customer Details.....
17:01:04.419 [main] INFO  testcases.TC_001_AccountRegistrationTest - Validating expected message...
17:01:05.055 [main] INFO  testcases.TC_001_AccountRegistrationTest - Finished TC_001AccountRegistrationTest
17:01:08.246 [main] INFO  testcases.TC_002_LoginTest - **** Starting TC_002_LoginTest  ****
17:01:08.246 [main] DEBUG testcases.TC_002_LoginTest - capturing application debug logs....
17:01:08.371 [main] INFO  testcases.TC_002_LoginTest - clicked on myaccount link on the home page..
17:01:08.647 [main] INFO  testcases.TC_002_LoginTest - clicked on login link under myaccount..
17:01:08.650 [main] INFO  testcases.TC_002_LoginTest - Entering valid email and password..
17:01:08.937 [main] INFO  testcases.TC_002_LoginTest - clicked on ligin button..
